<?xml version="1.0" encoding="UTF-8"?>
<!-- Generated by org.testng.reporters.JUnitXMLReporter -->
<testsuite ignored="0" hostname="DESKTOP-LL1B83L" failures="0" tests="6" name="Default test" time="29.12" errors="0" timestamp="2024-12-24T14:02:21 IST">
  <testcase classname="Youfoodlabs.Youfoodlabs.Checkout" name="TC_01" time="0.168"/>
  <testcase classname="Youfoodlabs.Youfoodlabs.Checkout" name="TC_02" time="6.195"/>
  <testcase classname="Youfoodlabs.Youfoodlabs.Checkout" name="TC_03" time="0.163"/>
  <testcase classname="Youfoodlabs.Youfoodlabs.Checkout" name="TC_04" time="4.629"/>
  <testcase classname="Youfoodlabs.Youfoodlabs.Checkout" name="TC_05" time="0.346"/>
  <testcase classname="Youfoodlabs.Youfoodlabs.Checkout" name="TC_06" time="7.99"/>
</testsuite> <!-- Default test -->
