<?xml version="1.0" encoding="UTF-8"?>
<!-- Generated by org.testng.reporters.JUnitXMLReporter -->
<testsuite ignored="0" hostname="DESKTOP-LL1B83L" failures="0" tests="6" name="Checkout" time="25.303" errors="0" timestamp="2024-12-26T12:51:34 IST">
  <testcase classname="Youfoodlabs.Youfoodlabs.Checkout" name="TC_01" time="0.156"/>
  <testcase classname="Youfoodlabs.Youfoodlabs.Checkout" name="TC_02" time="5.747"/>
  <testcase classname="Youfoodlabs.Youfoodlabs.Checkout" name="TC_03" time="0.156"/>
  <testcase classname="Youfoodlabs.Youfoodlabs.Checkout" name="TC_04" time="4.003"/>
  <testcase classname="Youfoodlabs.Youfoodlabs.Checkout" name="TC_05" time="0.333"/>
  <testcase classname="Youfoodlabs.Youfoodlabs.Checkout" name="TC_06" time="7.348"/>
</testsuite> <!-- Checkout -->
