<?xml version="1.0" encoding="UTF-8"?>
<!-- Generated by org.testng.reporters.JUnitXMLReporter -->
<testsuite ignored="0" hostname="DESKTOP-LL1B83L" failures="0" tests="4" name="Homepage" time="42.472" errors="0" timestamp="2024-12-26T12:51:09 IST">
  <testcase classname="Youfoodlabs.Youfoodlabs.Homepage" name="TC_01" time="4.646"/>
  <testcase classname="Youfoodlabs.Youfoodlabs.Homepage" name="TC_02" time="5.079"/>
  <testcase classname="Youfoodlabs.Youfoodlabs.Homepage" name="TC_03" time="20.855"/>
  <testcase classname="Youfoodlabs.Youfoodlabs.Homepage" name="TC_04" time="4.522"/>
</testsuite> <!-- Homepage -->
