<?xml version="1.0" encoding="UTF-8"?>
<!-- Generated by org.testng.reporters.JUnitXMLReporter -->
<testsuite ignored="0" hostname="DESKTOP-LL1B83L" failures="0" tests="4" name="Homepage" time="46.068" errors="0" timestamp="2024-12-24T14:07:58 IST">
  <testcase classname="Youfoodlabs.Youfoodlabs.Homepage" name="TC_01" time="3.969"/>
  <testcase classname="Youfoodlabs.Youfoodlabs.Homepage" name="TC_02" time="7.042"/>
  <testcase classname="Youfoodlabs.Youfoodlabs.Homepage" name="TC_03" time="21.671"/>
  <testcase classname="Youfoodlabs.Youfoodlabs.Homepage" name="TC_04" time="4.934"/>
</testsuite> <!-- Homepage -->
