<?xml version="1.0" encoding="UTF-8"?>
<!-- Generated by org.testng.reporters.JUnitXMLReporter -->
<testsuite ignored="0" hostname="DESKTOP-LL1B83L" failures="0" tests="6" name="Checkout" time="26.574" errors="0" timestamp="2024-12-24T14:06:04 IST">
  <testcase classname="Youfoodlabs.Youfoodlabs.Checkout" name="TC_01" time="0.167"/>
  <testcase classname="Youfoodlabs.Youfoodlabs.Checkout" name="TC_02" time="5.842"/>
  <testcase classname="Youfoodlabs.Youfoodlabs.Checkout" name="TC_03" time="0.14"/>
  <testcase classname="Youfoodlabs.Youfoodlabs.Checkout" name="TC_04" time="4.268"/>
  <testcase classname="Youfoodlabs.Youfoodlabs.Checkout" name="TC_05" time="0.473"/>
  <testcase classname="Youfoodlabs.Youfoodlabs.Checkout" name="TC_06" time="8.153"/>
</testsuite> <!-- Checkout -->
