<?xml version="1.0" encoding="UTF-8"?>
<!-- Generated by org.testng.reporters.JUnitXMLReporter -->
<testsuite ignored="0" hostname="DESKTOP-LL1B83L" failures="0" tests="4" name="Homepage_Tab" time="23.669" errors="0" timestamp="2024-12-24T14:04:51 IST">
  <testcase classname="Youfoodlabs.Youfoodlabs.Homepage_Tab" name="TC_01" time="5.946"/>
  <testcase classname="Youfoodlabs.Youfoodlabs.Homepage_Tab" name="TC_02" time="5.556"/>
  <testcase classname="Youfoodlabs.Youfoodlabs.Homepage_Tab" name="TC_03" time="0.948"/>
  <testcase classname="Youfoodlabs.Youfoodlabs.Homepage_Tab" name="TC_04" time="1.173"/>
</testsuite> <!-- Homepage_Tab -->
