<?xml version="1.0" encoding="UTF-8"?>
<!-- Generated by org.testng.reporters.JUnitXMLReporter -->
<testsuite ignored="0" hostname="DESKTOP-LL1B83L" failures="0" tests="4" name="Homepage_Tab" time="6.512" errors="0" timestamp="2024-12-12T16:31:49 IST">
  <testcase classname="Youfoodlabs.Youfoodlabs.Homepage_Tab" name="@BeforeTest openbrowser" time="6.276">
    <failure type="java.io.FileNotFoundException" message="`` (The system cannot find the file specified)">
      <![CDATA[java.io.FileNotFoundException: `` (The system cannot find the file specified)
at java.base/java.io.FileInputStream.open0(Native Method)
at java.base/java.io.FileInputStream.open(FileInputStream.java:216)
at java.base/java.io.FileInputStream.<init>(FileInputStream.java:157)
at java.base/java.io.FileInputStream.<init>(FileInputStream.java:111)
at Youfoodlabs.Youfoodlabs.Homepage_Tab.openbrowser(Homepage_Tab.java:43)
... Removed 24 stack frames]]>
    </failure>
  </testcase> <!-- @BeforeTest openbrowser -->
  <testcase classname="Youfoodlabs.Youfoodlabs.Homepage_Tab" name="@AfterTest Complete_Test" time="0.0">
    <skipped/>
  </testcase> <!-- @AfterTest Complete_Test -->
  <testcase classname="Youfoodlabs.Youfoodlabs.Homepage_Tab" name="TC_01" time="0.0">
    <skipped/>
  </testcase> <!-- TC_01 -->
  <testcase classname="Youfoodlabs.Youfoodlabs.Homepage_Tab" name="TC_02" time="0.0">
    <skipped/>
  </testcase> <!-- TC_02 -->
  <testcase classname="Youfoodlabs.Youfoodlabs.Homepage_Tab" name="TC_03" time="0.0">
    <skipped/>
  </testcase> <!-- TC_03 -->
  <testcase classname="Youfoodlabs.Youfoodlabs.Homepage_Tab" name="TC_04" time="0.0">
    <skipped/>
  </testcase> <!-- TC_04 -->
</testsuite> <!-- Homepage_Tab -->
