<?xml version="1.0" encoding="UTF-8"?>
<!-- Generated by org.testng.reporters.JUnitXMLReporter -->
<testsuite ignored="0" hostname="DESKTOP-LL1B83L" failures="0" tests="4" name="Homepage" time="3.036" errors="0" timestamp="2024-12-12T16:31:52 IST">
  <testcase classname="Youfoodlabs.Youfoodlabs.Homepage" name="TC_01" time="0.0">
    <skipped/>
  </testcase> <!-- TC_01 -->
  <testcase classname="Youfoodlabs.Youfoodlabs.Homepage" name="TC_02" time="0.0">
    <skipped/>
  </testcase> <!-- TC_02 -->
  <testcase classname="Youfoodlabs.Youfoodlabs.Homepage" name="TC_03" time="0.0">
    <skipped/>
  </testcase> <!-- TC_03 -->
  <testcase classname="Youfoodlabs.Youfoodlabs.Homepage" name="TC_04" time="0.0">
    <skipped/>
  </testcase> <!-- TC_04 -->
</testsuite> <!-- Homepage -->
